G:\GITHUB REPOSITORIES\CS216-PACKAGE\CS612 PACKAGE\CS612 PACKAGE\DEBUG\SOURCE.OBJ
G:\GITHUB REPOSITORIES\CS216-PACKAGE\CS612 PACKAGE\CS612 PACKAGE\DEBUG\VC110.PDB
G:\GITHUB REPOSITORIES\CS216-PACKAGE\CS612 PACKAGE\DEBUG\CS612 PACKAGE.ILK
G:\GITHUB REPOSITORIES\CS216-PACKAGE\CS612 PACKAGE\DEBUG\CS612 PACKAGE.EXE
G:\GITHUB REPOSITORIES\CS216-PACKAGE\CS612 PACKAGE\DEBUG\CS612 PACKAGE.PDB
G:\Github Repositories\CS216-Package\CS612 Package\CS612 Package\Debug\Source.obj
G:\Github Repositories\CS216-Package\CS612 Package\CS612 Package\Debug\cl.command.1.tlog
G:\Github Repositories\CS216-Package\CS612 Package\CS612 Package\Debug\CL.read.1.tlog
G:\Github Repositories\CS216-Package\CS612 Package\CS612 Package\Debug\CL.write.1.tlog
G:\Github Repositories\CS216-Package\CS612 Package\CS612 Package\Debug\link-cvtres.read.1.tlog
G:\Github Repositories\CS216-Package\CS612 Package\CS612 Package\Debug\link-cvtres.write.1.tlog
G:\Github Repositories\CS216-Package\CS612 Package\CS612 Package\Debug\link-rc.read.1.tlog
G:\Github Repositories\CS216-Package\CS612 Package\CS612 Package\Debug\link-rc.write.1.tlog
G:\Github Repositories\CS216-Package\CS612 Package\CS612 Package\Debug\link.command.1.tlog
G:\Github Repositories\CS216-Package\CS612 Package\CS612 Package\Debug\link.read.1.tlog
G:\Github Repositories\CS216-Package\CS612 Package\CS612 Package\Debug\link.write.1.tlog
G:\Github Repositories\CS216-Package\CS612 Package\CS612 Package\Debug\vc110.idb
G:\Github Repositories\CS216-Package\CS612 Package\CS612 Package\Debug\vc110.pdb
G:\Github Repositories\CS216-Package\CS612 Package\Debug\CS612 Package.pdb
G:\Github Repositories\CS216-Package\CS612 Package\Debug\CS612 Package.exe
G:\Github Repositories\CS216-Package\CS612 Package\Debug\CS612 Package.ilk
