Build started 3/20/2016 7:06:06 PM.
     1>Project "c:\Users\eng.ahmed hani\documents\visual studio 2012\Projects\CS612 Package\CS612 Package\CS612 Package.vcxproj" on node 2 (Build target(s)).
     1>ClCompile:
         C:\Program Files (x86)\Microsoft Visual Studio 11.0\VC\bin\CL.exe /c /ZI /nologo /W3 /WX- /Od /Oy- /D WIN32 /D _DEBUG /D _CONSOLE /D _UNICODE /D UNICODE /Gm /EHsc /RTC1 /MDd /GS /fp:precise /Zc:wchar_t /Zc:forScope /Fo"Debug\\" /Fd"Debug\vc110.pdb" /Gd /TP /analyze- /errorReport:prompt Source.cpp
         Source.cpp
     1>c:\users\eng.ahmed hani\documents\visual studio 2012\projects\cs612 package\cs612 package\sort.h(18): warning C4018: '<' : signed/unsigned mismatch
                 c:\users\eng.ahmed hani\documents\visual studio 2012\projects\cs612 package\cs612 package\sort.h(15) : while compiling class template member function 'int *Sort<T>::bubble_sort(void)'
                 with
                 [
                     T=int
                 ]
                 c:\users\eng.ahmed hani\documents\visual studio 2012\projects\cs612 package\cs612 package\source.cpp(21) : see reference to function template instantiation 'int *Sort<T>::bubble_sort(void)' being compiled
                 with
                 [
                     T=int
                 ]
                 c:\users\eng.ahmed hani\documents\visual studio 2012\projects\cs612 package\cs612 package\source.cpp(19) : see reference to class template instantiation 'Sort<T>' being compiled
                 with
                 [
                     T=int
                 ]
     1>c:\users\eng.ahmed hani\documents\visual studio 2012\projects\cs612 package\cs612 package\sort.h(19): warning C4018: '<' : signed/unsigned mismatch
       Link:
         C:\Program Files (x86)\Microsoft Visual Studio 11.0\VC\bin\link.exe /ERRORREPORT:PROMPT /OUT:"c:\users\eng.ahmed hani\documents\visual studio 2012\Projects\CS612 Package\Debug\CS612 Package.exe" /INCREMENTAL /NOLOGO kernel32.lib user32.lib gdi32.lib winspool.lib comdlg32.lib advapi32.lib shell32.lib ole32.lib oleaut32.lib uuid.lib odbc32.lib odbccp32.lib /MANIFEST /MANIFESTUAC:"level='asInvoker' uiAccess='false'" /manifest:embed /DEBUG /PDB:"c:\users\eng.ahmed hani\documents\visual studio 2012\Projects\CS612 Package\Debug\CS612 Package.pdb" /SUBSYSTEM:CONSOLE /TLBID:1 /DYNAMICBASE /NXCOMPAT /IMPLIB:"c:\users\eng.ahmed hani\documents\visual studio 2012\Projects\CS612 Package\Debug\CS612 Package.lib" /MACHINE:X86 Debug\Source.obj
         CS612 Package.vcxproj -> c:\users\eng.ahmed hani\documents\visual studio 2012\Projects\CS612 Package\Debug\CS612 Package.exe
     1>Done Building Project "c:\Users\eng.ahmed hani\documents\visual studio 2012\Projects\CS612 Package\CS612 Package\CS612 Package.vcxproj" (Build target(s)).

Build succeeded.

Time Elapsed 00:00:00.73
